<?xml version="1.0" encoding="UTF-8"?>
<!-- Generated by org.testng.reporters.JUnitReportReporter -->
<testsuite hostname="2JVR353" failures="0" tests="1" name="com.ExcelData.ExcelDataReader" time="0.883" errors="0" timestamp="2024-07-26T17:25:47 CDT" skipped="0">
  <testcase classname="com.ExcelData.ExcelDataReader" name="dataRead" time="0.883"/>
</testsuite> <!-- com.ExcelData.ExcelDataReader -->
