<?xml version="1.0" encoding="UTF-8"?>
<!-- Generated by org.testng.reporters.JUnitReportReporter -->
<testsuite hostname="2JVR353" failures="0" tests="1" name="Excersises.MAPS1" time="76.961" errors="0" timestamp="2024-07-15T23:36:03 CDT" skipped="0">
  <testcase classname="Excersises.MAPS1" name="test2087" time="76.961"/>
</testsuite> <!-- Excersises.MAPS1 -->
